<?xml version="1.0" encoding="UTF-8"?>
<testsuite name="StringReplacerTest" tests="1" skipped="0" failures="0" errors="0" timestamp="2022-11-16T17:12:28" hostname="DESKTOP-B648I0P" time="0.011">
  <properties/>
  <testcase name="stringReplacer()" classname="StringReplacerTest" time="0.011"/>
  <system-out><![CDATA[]]></system-out>
  <system-err><![CDATA[]]></system-err>
</testsuite>
